<?xml version="1.0" encoding="UTF-8"?>
<!-- Generated by org.testng.reporters.JUnitReportReporter -->
<testsuite hostname="mac.lan" failures="0" tests="2" name="com.training.test.UserMenuDropdownTest" time="24.402" errors="0" timestamp="3 Dec 2025 07:53:25 GMT">
  <testcase classname="com.training.test.UserMenuDropdownTest" name="SelectDeveloperConsole_TC09" time="9.802"/>
  <testcase classname="com.training.test.UserMenuDropdownTest" name="SelectLogout_TC10" time="14.600"/>
</testsuite> <!-- com.training.test.UserMenuDropdownTest -->
